<?xml version="1.0" encoding="UTF-8"?>
<!-- Generated by org.testng.reporters.JUnitXMLReporter -->
<testsuite ignored="8" hostname="LAPTOP-3DA2R6EB" failures="0" tests="2" name="Test" time="6.57" errors="0" timestamp="2025-07-24T01:56:29 IST">
  <testcase classname="testng.J_TestCases_Execution_From_Groups_XML2" name="facebook" time="0.992"/>
  <testcase classname="testng.J_TestCases_Execution_From_Groups_XML2" name="twitter" time="4.227"/>
  <testcase classname="testng.J_TestCases_Execution_From_Groups_XML2" name="zomato" time="0.0">
    <ignored/>
  </testcase> <!-- zomato -->
  <testcase classname="testng.J_TestCases_Execution_From_Groups_XML2" name="google" time="0.0">
    <ignored/>
  </testcase> <!-- google -->
  <testcase classname="testng.J_TestCases_Execution_From_Groups_XML2" name="swiggy" time="0.0">
    <ignored/>
  </testcase> <!-- swiggy -->
  <testcase classname="testng.J_TestCases_Execution_From_Groups_XML2" name="gmail" time="0.0">
    <ignored/>
  </testcase> <!-- gmail -->
  <testcase classname="testng.J_TestCases_Execution_From_Groups_XML2" name="selenium" time="0.0">
    <ignored/>
  </testcase> <!-- selenium -->
  <testcase classname="testng.J_TestCases_Execution_From_Groups_XML2" name="redmine" time="0.0">
    <ignored/>
  </testcase> <!-- redmine -->
  <testcase classname="testng.J_TestCases_Execution_From_Groups_XML2" name="bugzilla" time="0.0">
    <ignored/>
  </testcase> <!-- bugzilla -->
  <testcase classname="testng.J_TestCases_Execution_From_Groups_XML2" name="jira" time="0.0">
    <ignored/>
  </testcase> <!-- jira -->
</testsuite> <!-- Test -->
