<?xml version="1.0" encoding="UTF-8"?>
<testng-results ignored="0" total="3" passed="3" failed="0" skipped="0">
  <reporter-output>
  </reporter-output>
  <suite started-at="2025-09-02T14:03:25 IST" name="Default suite" finished-at="2025-09-02T14:03:54 IST" duration-ms="29624">
    <groups>
    </groups>
    <test started-at="2025-09-02T14:03:25 IST" name="Default test" finished-at="2025-09-02T14:03:54 IST" duration-ms="29624">
      <class name="popalerts.Alerts">
        <test-method is-config="true" signature="beforeTest()[pri:0, instance:popalerts.Alerts@279fedbd]" started-at="2025-09-02T14:03:25 IST" name="beforeTest" finished-at="2025-09-02T14:03:27 IST" duration-ms="2809" status="PASS">
          <reporter-output>
          </reporter-output>
        </test-method> <!-- beforeTest -->
        <test-method signature="Cancel()[pri:0, instance:popalerts.Alerts@279fedbd]" started-at="2025-09-02T14:03:27 IST" name="Cancel" finished-at="2025-09-02T14:03:38 IST" duration-ms="10710" status="PASS">
          <reporter-output>
          </reporter-output>
        </test-method> <!-- Cancel -->
        <test-method signature="okButton()[pri:0, instance:popalerts.Alerts@279fedbd]" started-at="2025-09-02T14:03:38 IST" name="okButton" finished-at="2025-09-02T14:03:48 IST" duration-ms="9442" status="PASS">
          <reporter-output>
          </reporter-output>
        </test-method> <!-- okButton -->
        <test-method signature="sendTextOk()[pri:0, instance:popalerts.Alerts@279fedbd]" started-at="2025-09-02T14:03:48 IST" name="sendTextOk" finished-at="2025-09-02T14:03:54 IST" duration-ms="6507" status="PASS">
          <reporter-output>
          </reporter-output>
        </test-method> <!-- sendTextOk -->
      </class> <!-- popalerts.Alerts -->
    </test> <!-- Default test -->
  </suite> <!-- Default suite -->
</testng-results>
